<?xml version="1.0" encoding="UTF-8"?>
<testng-results ignored="0" total="1" passed="1" failed="0" skipped="0">
  <reporter-output>
  </reporter-output>
  <suite started-at="2023-06-30T20:50:42 IST" name="Default suite" finished-at="2023-06-30T20:50:49 IST" duration-ms="6197">
    <groups>
    </groups>
    <test started-at="2023-06-30T20:50:42 IST" name="Default test" finished-at="2023-06-30T20:50:49 IST" duration-ms="6197">
      <class name="Test.NewTest1">
        <test-method signature="facebook()[pri:0, instance:Test.NewTest1@52719fb6]" started-at="2023-06-30T20:50:43 IST" name="facebook" finished-at="2023-06-30T20:50:49 IST" duration-ms="6109" status="PASS">
          <reporter-output>
          </reporter-output>
        </test-method> <!-- facebook -->
      </class> <!-- Test.NewTest1 -->
    </test> <!-- Default test -->
  </suite> <!-- Default suite -->
</testng-results>
